<?xml version="1.0" encoding="UTF-8"?>
<!-- Generated by org.testng.reporters.JUnitXMLReporter -->
<testsuite ignored="0" hostname="IN-PG02NJQY" failures="0" tests="3" name="Surefire test" time="12.852" errors="0" timestamp="2023-05-30T00:07:11 IST">
  <testcase classname="tests.HomeTest" name="chooseTest" time="1.384"/>
  <testcase classname="tests.HomeTest" name="formFill" time="3.578"/>
  <testcase classname="tests.HomeTest" name="homeTest" time="0.723"/>
</testsuite> <!-- Surefire test -->
