<?xml version="1.0" encoding="UTF-8"?>
<!-- Generated by org.testng.reporters.JUnitXMLReporter -->
<testsuite ignored="0" hostname="IN-PG02NJQY" failures="0" tests="3" name="Default test" time="22.391" errors="0" timestamp="2023-05-29T18:41:00 IST">
  <testcase classname="tests.HomeTest" name="chooseTest" time="1.932"/>
  <testcase classname="tests.HomeTest" name="formFill" time="7.128"/>
  <testcase classname="tests.HomeTest" name="homeTest" time="1.089"/>
</testsuite> <!-- Default test -->
