<?xml version="1.0" encoding="UTF-8"?>
<testng-results ignored="0" total="3" passed="3" failed="0" skipped="0">
  <reporter-output>
  </reporter-output>
  <suite started-at="2023-05-30T00:06:58 IST" name="Surefire suite" finished-at="2023-05-30T00:07:11 IST" duration-ms="12852">
    <groups>
    </groups>
    <test started-at="2023-05-30T00:06:58 IST" name="Surefire test" finished-at="2023-05-30T00:07:11 IST" duration-ms="12852">
      <class name="tests.HomeTest">
        <test-method is-config="true" signature="browserInitializer()[pri:0, instance:tests.HomeTest@74455848]" started-at="2023-05-30T00:06:58 IST" name="browserInitializer" finished-at="2023-05-30T00:07:00 IST" duration-ms="2549" status="PASS">
          <reporter-output>
          </reporter-output>
        </test-method> <!-- browserInitializer -->
        <test-method is-config="true" signature="openUrl()[pri:0, instance:tests.HomeTest@74455848]" started-at="2023-05-30T00:07:00 IST" name="openUrl" finished-at="2023-05-30T00:07:04 IST" duration-ms="3498" status="PASS">
          <reporter-output>
          </reporter-output>
        </test-method> <!-- openUrl -->
        <test-method signature="chooseTest()[pri:0, instance:tests.HomeTest@74455848]" started-at="2023-05-30T00:07:04 IST" name="chooseTest" finished-at="2023-05-30T00:07:05 IST" duration-ms="1384" status="PASS">
          <reporter-output>
          </reporter-output>
        </test-method> <!-- chooseTest -->
        <test-method is-config="true" signature="openUrl()[pri:0, instance:tests.HomeTest@74455848]" started-at="2023-05-30T00:07:05 IST" name="openUrl" finished-at="2023-05-30T00:07:06 IST" duration-ms="607" status="PASS">
          <reporter-output>
          </reporter-output>
        </test-method> <!-- openUrl -->
        <test-method signature="formFill()[pri:0, instance:tests.HomeTest@74455848]" started-at="2023-05-30T00:07:06 IST" name="formFill" finished-at="2023-05-30T00:07:10 IST" duration-ms="3578" status="PASS">
          <reporter-output>
          </reporter-output>
        </test-method> <!-- formFill -->
        <test-method is-config="true" signature="openUrl()[pri:0, instance:tests.HomeTest@74455848]" started-at="2023-05-30T00:07:10 IST" name="openUrl" finished-at="2023-05-30T00:07:10 IST" duration-ms="467" status="PASS">
          <reporter-output>
          </reporter-output>
        </test-method> <!-- openUrl -->
        <test-method signature="homeTest()[pri:0, instance:tests.HomeTest@74455848]" started-at="2023-05-30T00:07:10 IST" name="homeTest" finished-at="2023-05-30T00:07:11 IST" duration-ms="723" status="PASS">
          <reporter-output>
          </reporter-output>
        </test-method> <!-- homeTest -->
        <test-method is-config="true" signature="tearDown()[pri:0, instance:tests.HomeTest@74455848]" started-at="2023-05-30T00:07:11 IST" name="tearDown" finished-at="2023-05-30T00:07:12 IST" duration-ms="744" status="PASS">
          <reporter-output>
          </reporter-output>
        </test-method> <!-- tearDown -->
      </class> <!-- tests.HomeTest -->
    </test> <!-- Surefire test -->
  </suite> <!-- Surefire suite -->
</testng-results>
