<?xml version="1.0" encoding="UTF-8"?>
<testng-results ignored="0" total="3" passed="3" failed="0" skipped="0">
  <reporter-output>
  </reporter-output>
  <suite started-at="2023-05-29T18:40:38 IST" name="Default suite" finished-at="2023-05-29T18:41:00 IST" duration-ms="22391">
    <groups>
    </groups>
    <test started-at="2023-05-29T18:40:38 IST" name="Default test" finished-at="2023-05-29T18:41:00 IST" duration-ms="22391">
      <class name="tests.HomeTest">
        <test-method is-config="true" signature="browserInitializer()[pri:0, instance:tests.HomeTest@28261e8e]" started-at="2023-05-29T18:40:38 IST" name="browserInitializer" finished-at="2023-05-29T18:40:45 IST" duration-ms="7046" status="PASS">
          <reporter-output>
          </reporter-output>
        </test-method> <!-- browserInitializer -->
        <test-method is-config="true" signature="openUrl()[pri:0, instance:tests.HomeTest@28261e8e]" started-at="2023-05-29T18:40:45 IST" name="openUrl" finished-at="2023-05-29T18:40:49 IST" duration-ms="4063" status="PASS">
          <reporter-output>
          </reporter-output>
        </test-method> <!-- openUrl -->
        <test-method signature="chooseTest()[pri:0, instance:tests.HomeTest@28261e8e]" started-at="2023-05-29T18:40:49 IST" name="chooseTest" finished-at="2023-05-29T18:40:51 IST" duration-ms="1932" status="PASS">
          <reporter-output>
          </reporter-output>
        </test-method> <!-- chooseTest -->
        <test-method is-config="true" signature="openUrl()[pri:0, instance:tests.HomeTest@28261e8e]" started-at="2023-05-29T18:40:51 IST" name="openUrl" finished-at="2023-05-29T18:40:51 IST" duration-ms="516" status="PASS">
          <reporter-output>
          </reporter-output>
        </test-method> <!-- openUrl -->
        <test-method signature="formFill()[pri:0, instance:tests.HomeTest@28261e8e]" started-at="2023-05-29T18:40:51 IST" name="formFill" finished-at="2023-05-29T18:40:58 IST" duration-ms="7128" status="PASS">
          <reporter-output>
          </reporter-output>
        </test-method> <!-- formFill -->
        <test-method is-config="true" signature="openUrl()[pri:0, instance:tests.HomeTest@28261e8e]" started-at="2023-05-29T18:40:58 IST" name="openUrl" finished-at="2023-05-29T18:40:59 IST" duration-ms="528" status="PASS">
          <reporter-output>
          </reporter-output>
        </test-method> <!-- openUrl -->
        <test-method signature="homeTest()[pri:0, instance:tests.HomeTest@28261e8e]" started-at="2023-05-29T18:40:59 IST" name="homeTest" finished-at="2023-05-29T18:41:00 IST" duration-ms="1089" status="PASS">
          <reporter-output>
          </reporter-output>
        </test-method> <!-- homeTest -->
        <test-method is-config="true" signature="tearDown()[pri:0, instance:tests.HomeTest@28261e8e]" started-at="2023-05-29T18:41:00 IST" name="tearDown" finished-at="2023-05-29T18:41:01 IST" duration-ms="793" status="PASS">
          <reporter-output>
          </reporter-output>
        </test-method> <!-- tearDown -->
      </class> <!-- tests.HomeTest -->
    </test> <!-- Default test -->
  </suite> <!-- Default suite -->
</testng-results>
